02/15/2019 21:49:34 INICIANDO...
02/15/2019 21:49:34 2.1.0.2
02/15/2019 21:49:34 Usuário: hugom(Administrador)
02/15/2019 21:49:34 Versão do Sistema Operacional: 6.2.9200
02/15/2019 21:49:34 64 Bits: true
02/15/2019 21:49:34   ( 0.7 )
02/15/2019 21:49:34 UAC: Ativado
02/15/2019 21:49:34 Verificando se Mozilla Firefox está instalado...
02/15/2019 21:49:34 Mozilla Firefox não instalado.
02/15/2019 21:49:34 [1: Ajustando ambiente] Verificando...
02/15/2019 21:49:34 [1: Ajustando ambiente] 
02/15/2019 21:49:34 [1: Ajustando ambiente] Ok.
02/15/2019 21:49:34 [2: Ajustes iniciais] Verificando...
02/15/2019 21:49:34 [2: Ajustes iniciais] Ok.
02/15/2019 21:49:34 [3: Instalação dos certificados raíz] Verificando...
02/15/2019 21:49:34 [3: Instalação dos certificados raíz] Efetuando download do instalador...
02/15/2019 21:49:41 [3: Instalação dos certificados raíz] Ok.
02/15/2019 21:49:41 [5: Ajustes adicionais] Verificando...
02/15/2019 21:49:41 [5: Ajustes adicionais] Limpando...
02/15/2019 21:49:41 [5: Ajustes adicionais] Ok.
02/15/2019 21:49:41 [7: Instalando módulo de segurança] Verificando...
02/15/2019 21:49:41 [7: Instalando módulo de segurança] Efetuando download do instalador...
02/15/2019 21:49:47 [7: Instalando módulo de segurança] Instalando...
02/15/2019 21:52:50 [7: Instalando módulo de segurança] Ok.
02/15/2019 21:52:50 [8: Preparando módulo de segurança] Verificando...
02/15/2019 21:52:50 [8: Preparando módulo de segurança] O Módulo de Segurança não está instalado
02/15/2019 21:52:50 [9: Finalizando a instalação] Verificando...
02/15/2019 21:52:50 [9: Finalizando a instalação] O Módulo de Segurança não está instalado
02/15/2019 21:52:50 [10: Validando a instalação] Verificando...
02/15/2019 21:52:50 [10: Validando a instalação] O Módulo de Segurança não está instalado
02/15/2019 21:52:50 [12: Ajustando ambiente] Verificando...
02/15/2019 21:52:50 [12: Ajustando ambiente] Ok.
02/15/2019 21:53:11 Reiniciando o sistema...
02/15/2019 21:53:11 CONCLUÍDO.
02/15/2019 21:56:25 INICIANDO...
02/15/2019 21:56:25 2.1.0.2
02/15/2019 21:56:25 Usuário: hugom(Administrador)
02/15/2019 21:56:25 Versão do Sistema Operacional: 6.2.9200
02/15/2019 21:56:25 64 Bits: true
02/15/2019 21:56:25   ( 0.7 )
02/15/2019 21:56:25 UAC: Ativado
02/15/2019 21:56:25 Verificando se Mozilla Firefox está instalado...
02/15/2019 21:56:25 Mozilla Firefox não instalado.
02/15/2019 21:56:25 [7: Instalando módulo de segurança] Verificando...
02/15/2019 21:56:25 [7: Instalando módulo de segurança] Efetuando download do instalador...
02/15/2019 21:56:31 [7: Instalando módulo de segurança] Instalando...
02/15/2019 21:57:01 [7: Instalando módulo de segurança] Ok.
02/15/2019 21:57:01 [8: Preparando módulo de segurança] Verificando...
02/15/2019 21:57:01 [8: Preparando módulo de segurança] Ok.
02/15/2019 21:57:01 [9: Finalizando a instalação] Verificando...
02/15/2019 21:57:01 [9: Finalizando a instalação] Ok.
02/15/2019 21:57:01 [10: Validando a instalação] Verificando...
02/15/2019 21:58:06 [10: Validando a instalação] Instalando...
02/15/2019 21:58:15 [10: Validando a instalação] Ok.
02/15/2019 21:58:15 Foram detectados problemas durante a execução do processo.
02/15/2019 21:58:15 [13: Concluindo ajustes] Verificando...
02/15/2019 21:58:16 [13: Concluindo ajustes] CONCLUÍDO.
02/15/2019 21:58:16 CONCLUÍDO.
